
00:00:00 no hay turno
00:00:00 no hay turno
00:00:00 no hay turno
00:00:00 no hay turno
00:00:00 no hay turno
00:00:00 no hay turno
00:00:00 no hay turno
00:00:00 no hay turno
00:00:00 no hay turno
00:00:00 no hay turno
00:00:00 no hay turno
00:00:00 no hay turno
00:00:00 no hay turno
00:00:00 no hay turno
00:00:00 no hay turno
00:00:00 no hay turno
00:00:00 no hay turno
00:00:00 no hay turno
00:00:00 no hay turno
00:00:00 no hay turno
13:00:00 mañana JESUSAMADO SALVADOR || JAIR ORIEL || RENZO RAFAEL || Louisa Macejkovic V || Halle Goldner || Robin Davis III || Christelle O'Connell || Ulises Hintz || Otho Fay I || Jess Morissette || Bernie Dach || Terrill Feil MD || Jaqueline Heidenreich || Miss Onie Cormier IV || Rosalyn Mosciski MD || Dewitt Bernhard || Arely O'Kon || Mr. Deron McDermott I || Leda Predovic Sr. || Selina Jaskolski MD || Mr. Sebastian Miller || Prof. Timothy Daugherty || Ms. Alvena Stehr I || Gerald Orn || Ada Hyatt || Mrs. Angeline Murphy IV || Jordane Bauch || Elaina Olson || Lavina Auer || Daryl Mante || Hertha Flatley || Dimitri Buckridge || Adrian Grimes II || Augustine Schroeder MD || Elfrieda Beahan PhD || Presley Moen || 
   Exception 

  Property [status] does not exist on this collection instance.

  at vendor/laravel/framework/src/Illuminate/Collections/Traits/EnumeratesValues.php:983
    979▕      */
    980▕     public function __get($key)
    981▕     {
    982▕         if (! in_array($key, static::$proxies)) {
  ➜ 983▕             throw new Exception("Property [{$key}] does not exist on this collection instance.");
    984▕         }
    985▕ 
    986▕         return new HigherOrderCollectionProxy($this, $key);
    987▕     }

  1   app/Console/Commands/AssistCommand.php:49
      Illuminate\Support\Collection::__get()

      [2m+13 vendor frames [22m
  15  artisan:37
      Illuminate\Foundation\Console\Kernel::handle()

13:00:00 mañana JESUSAMADO SALVADOR || JAIR ORIEL || RENZO RAFAEL || Louisa Macejkovic V || Halle Goldner || Robin Davis III || Christelle O'Connell || Ulises Hintz || Otho Fay I || Jess Morissette || Bernie Dach || Terrill Feil MD || Jaqueline Heidenreich || Miss Onie Cormier IV || Rosalyn Mosciski MD || Dewitt Bernhard || Arely O'Kon || Mr. Deron McDermott I || Leda Predovic Sr. || Selina Jaskolski MD || Mr. Sebastian Miller || Prof. Timothy Daugherty || Ms. Alvena Stehr I || Gerald Orn || Ada Hyatt || Mrs. Angeline Murphy IV || Jordane Bauch || Elaina Olson || Lavina Auer || Daryl Mante || Hertha Flatley || Dimitri Buckridge || Adrian Grimes II || Augustine Schroeder MD || Elfrieda Beahan PhD || Presley Moen || 
   Exception 

  Property [status] does not exist on this collection instance.

  at vendor/laravel/framework/src/Illuminate/Collections/Traits/EnumeratesValues.php:983
    979▕      */
    980▕     public function __get($key)
    981▕     {
    982▕         if (! in_array($key, static::$proxies)) {
  ➜ 983▕             throw new Exception("Property [{$key}] does not exist on this collection instance.");
    984▕         }
    985▕ 
    986▕         return new HigherOrderCollectionProxy($this, $key);
    987▕     }

  1   app/Console/Commands/AssistCommand.php:49
      Illuminate\Support\Collection::__get()

      [2m+13 vendor frames [22m
  15  artisan:37
      Illuminate\Foundation\Console\Kernel::handle()

13:00:00 mañana 1JESUSAMADO SALVADOR || 2JAIR ORIEL || 3RENZO RAFAEL || 8Louisa Macejkovic V || 11Halle Goldner || 12Robin Davis III || 19Christelle O'Connell || 21Ulises Hintz || 22Otho Fay I || 23Jess Morissette || 26Bernie Dach || 28Terrill Feil MD || 32Jaqueline Heidenreich || 37Miss Onie Cormier IV || 40Rosalyn Mosciski MD || 42Dewitt Bernhard || 43Arely O'Kon || 45Mr. Deron McDermott I || 50Leda Predovic Sr. || 52Selina Jaskolski MD || 53Mr. Sebastian Miller || 59Prof. Timothy Daugherty || 60Ms. Alvena Stehr I || 61Gerald Orn || 62Ada Hyatt || 64Mrs. Angeline Murphy IV || 68Jordane Bauch || 69Elaina Olson || 70Lavina Auer || 71Daryl Mante || 77Hertha Flatley || 83Dimitri Buckridge || 86Adrian Grimes II || 87Augustine Schroeder MD || 90Elfrieda Beahan PhD || 98Presley Moen || 
   ErrorException 

  Undefined variable $iduser

  at app/Console/Commands/AssistCommand.php:48
     44▕         foreach ($appliers as $applier) {
     45▕             echo $applier->id;
     46▕             echo $applier->nombre,' || ';    
     47▕         }
  ➜  48▕         $assist = DB::table('assists')->where('user_id', $iduser )->get();; 
     49▕             echo $assist->status;
     50▕        }else{
     51▕         echo "no hay turno";
     52▕       }

  1   app/Console/Commands/AssistCommand.php:48
      Illuminate\Foundation\Bootstrap\HandleExceptions::Illuminate\Foundation\Bootstrap\{closure}()

      [2m+13 vendor frames [22m
  15  artisan:37
      Illuminate\Foundation\Console\Kernel::handle()

13:00:00 mañana 1JESUSAMADO SALVADOR || 2JAIR ORIEL || 3RENZO RAFAEL || 8Louisa Macejkovic V || 11Halle Goldner || 12Robin Davis III || 19Christelle O'Connell || 21Ulises Hintz || 22Otho Fay I || 23Jess Morissette || 26Bernie Dach || 28Terrill Feil MD || 32Jaqueline Heidenreich || 37Miss Onie Cormier IV || 40Rosalyn Mosciski MD || 42Dewitt Bernhard || 43Arely O'Kon || 45Mr. Deron McDermott I || 50Leda Predovic Sr. || 52Selina Jaskolski MD || 53Mr. Sebastian Miller || 59Prof. Timothy Daugherty || 60Ms. Alvena Stehr I || 61Gerald Orn || 62Ada Hyatt || 64Mrs. Angeline Murphy IV || 68Jordane Bauch || 69Elaina Olson || 70Lavina Auer || 71Daryl Mante || 77Hertha Flatley || 83Dimitri Buckridge || 86Adrian Grimes II || 87Augustine Schroeder MD || 90Elfrieda Beahan PhD || 98Presley Moen || 
   ErrorException 

  Undefined variable $iduser

  at app/Console/Commands/AssistCommand.php:48
     44▕         foreach ($appliers as $applier) {
     45▕             echo $applier->id;
     46▕             echo $applier->nombre,' || ';    
     47▕         }
  ➜  48▕         $assist = DB::table('assists')->where('user_id', $iduser )->get();; 
     49▕             echo $assist->status;
     50▕        }else{
     51▕         echo "no hay turno";
     52▕       }

  1   app/Console/Commands/AssistCommand.php:48
      Illuminate\Foundation\Bootstrap\HandleExceptions::Illuminate\Foundation\Bootstrap\{closure}()

      [2m+13 vendor frames [22m
  15  artisan:37
      Illuminate\Foundation\Console\Kernel::handle()

13:00:00 mañana 1JESUSAMADO SALVADOR || 2JAIR ORIEL || 3RENZO RAFAEL || 8Louisa Macejkovic V || 11Halle Goldner || 12Robin Davis III || 19Christelle O'Connell || 21Ulises Hintz || 22Otho Fay I || 23Jess Morissette || 26Bernie Dach || 28Terrill Feil MD || 32Jaqueline Heidenreich || 37Miss Onie Cormier IV || 40Rosalyn Mosciski MD || 42Dewitt Bernhard || 43Arely O'Kon || 45Mr. Deron McDermott I || 50Leda Predovic Sr. || 52Selina Jaskolski MD || 53Mr. Sebastian Miller || 59Prof. Timothy Daugherty || 60Ms. Alvena Stehr I || 61Gerald Orn || 62Ada Hyatt || 64Mrs. Angeline Murphy IV || 68Jordane Bauch || 69Elaina Olson || 70Lavina Auer || 71Daryl Mante || 77Hertha Flatley || 83Dimitri Buckridge || 86Adrian Grimes II || 87Augustine Schroeder MD || 90Elfrieda Beahan PhD || 98Presley Moen || 
   ErrorException 

  Undefined variable $iduser

  at app/Console/Commands/AssistCommand.php:48
     44▕         foreach ($appliers as $applier) {
     45▕             echo $applier->id;
     46▕             echo $applier->nombre,' || ';    
     47▕         }
  ➜  48▕         $assist = DB::table('assists')->where('user_id', $iduser )->get();; 
     49▕             echo $assist->status;
     50▕        }else{
     51▕         echo "no hay turno";
     52▕       }

  1   app/Console/Commands/AssistCommand.php:48
      Illuminate\Foundation\Bootstrap\HandleExceptions::Illuminate\Foundation\Bootstrap\{closure}()

      [2m+13 vendor frames [22m
  15  artisan:37
      Illuminate\Foundation\Console\Kernel::handle()

13:00:00 mañana 1 || JESUSAMADO SALVADOR || 2 || JAIR ORIEL || 3 || RENZO RAFAEL || 8 || Louisa Macejkovic V || 11 || Halle Goldner || 12 || Robin Davis III || 19 || Christelle O'Connell || 21 || Ulises Hintz || 22 || Otho Fay I || 23 || Jess Morissette || 26 || Bernie Dach || 28 || Terrill Feil MD || 32 || Jaqueline Heidenreich || 37 || Miss Onie Cormier IV || 40 || Rosalyn Mosciski MD || 42 || Dewitt Bernhard || 43 || Arely O'Kon || 45 || Mr. Deron McDermott I || 50 || Leda Predovic Sr. || 52 || Selina Jaskolski MD || 53 || Mr. Sebastian Miller || 59 || Prof. Timothy Daugherty || 60 || Ms. Alvena Stehr I || 61 || Gerald Orn || 62 || Ada Hyatt || 64 || Mrs. Angeline Murphy IV || 68 || Jordane Bauch || 69 || Elaina Olson || 70 || Lavina Auer || 71 || Daryl Mante || 77 || Hertha Flatley || 83 || Dimitri Buckridge || 86 || Adrian Grimes II || 87 || Augustine Schroeder MD || 90 || Elfrieda Beahan PhD || 98 || Presley Moen || 
13:00:00 mañana 1 || JESUSAMADO SALVADOR || 2 || JAIR ORIEL || 3 || RENZO RAFAEL || 8 || Louisa Macejkovic V || 11 || Halle Goldner || 12 || Robin Davis III || 19 || Christelle O'Connell || 21 || Ulises Hintz || 22 || Otho Fay I || 23 || Jess Morissette || 26 || Bernie Dach || 28 || Terrill Feil MD || 32 || Jaqueline Heidenreich || 37 || Miss Onie Cormier IV || 40 || Rosalyn Mosciski MD || 42 || Dewitt Bernhard || 43 || Arely O'Kon || 45 || Mr. Deron McDermott I || 50 || Leda Predovic Sr. || 52 || Selina Jaskolski MD || 53 || Mr. Sebastian Miller || 59 || Prof. Timothy Daugherty || 60 || Ms. Alvena Stehr I || 61 || Gerald Orn || 62 || Ada Hyatt || 64 || Mrs. Angeline Murphy IV || 68 || Jordane Bauch || 69 || Elaina Olson || 70 || Lavina Auer || 71 || Daryl Mante || 77 || Hertha Flatley || 83 || Dimitri Buckridge || 86 || Adrian Grimes II || 87 || Augustine Schroeder MD || 90 || Elfrieda Beahan PhD || 98 || Presley Moen || 
13:00:00 mañana 1 || JESUSAMADO SALVADOR || 2 || JAIR ORIEL || 3 || RENZO RAFAEL || 8 || Louisa Macejkovic V || 11 || Halle Goldner || 12 || Robin Davis III || 19 || Christelle O'Connell || 21 || Ulises Hintz || 22 || Otho Fay I || 23 || Jess Morissette || 26 || Bernie Dach || 28 || Terrill Feil MD || 32 || Jaqueline Heidenreich || 37 || Miss Onie Cormier IV || 40 || Rosalyn Mosciski MD || 42 || Dewitt Bernhard || 43 || Arely O'Kon || 45 || Mr. Deron McDermott I || 50 || Leda Predovic Sr. || 52 || Selina Jaskolski MD || 53 || Mr. Sebastian Miller || 59 || Prof. Timothy Daugherty || 60 || Ms. Alvena Stehr I || 61 || Gerald Orn || 62 || Ada Hyatt || 64 || Mrs. Angeline Murphy IV || 68 || Jordane Bauch || 69 || Elaina Olson || 70 || Lavina Auer || 71 || Daryl Mante || 77 || Hertha Flatley || 83 || Dimitri Buckridge || 86 || Adrian Grimes II || 87 || Augustine Schroeder MD || 90 || Elfrieda Beahan PhD || 98 || Presley Moen || 
13:00:00 mañana 1 || JESUSAMADO SALVADOR || 2 || JAIR ORIEL || 3 || RENZO RAFAEL || 8 || Louisa Macejkovic V || 11 || Halle Goldner || 12 || Robin Davis III || 19 || Christelle O'Connell || 21 || Ulises Hintz || 22 || Otho Fay I || 23 || Jess Morissette || 26 || Bernie Dach || 28 || Terrill Feil MD || 32 || Jaqueline Heidenreich || 37 || Miss Onie Cormier IV || 40 || Rosalyn Mosciski MD || 42 || Dewitt Bernhard || 43 || Arely O'Kon || 45 || Mr. Deron McDermott I || 50 || Leda Predovic Sr. || 52 || Selina Jaskolski MD || 53 || Mr. Sebastian Miller || 59 || Prof. Timothy Daugherty || 60 || Ms. Alvena Stehr I || 61 || Gerald Orn || 62 || Ada Hyatt || 64 || Mrs. Angeline Murphy IV || 68 || Jordane Bauch || 69 || Elaina Olson || 70 || Lavina Auer || 71 || Daryl Mante || 77 || Hertha Flatley || 83 || Dimitri Buckridge || 86 || Adrian Grimes II || 87 || Augustine Schroeder MD || 90 || Elfrieda Beahan PhD || 98 || Presley Moen || 
13:00:00 mañana 1 || JESUSAMADO SALVADOR || 2 || JAIR ORIEL || 3 || RENZO RAFAEL || 8 || Louisa Macejkovic V || 11 || Halle Goldner || 12 || Robin Davis III || 19 || Christelle O'Connell || 21 || Ulises Hintz || 22 || Otho Fay I || 23 || Jess Morissette || 26 || Bernie Dach || 28 || Terrill Feil MD || 32 || Jaqueline Heidenreich || 37 || Miss Onie Cormier IV || 40 || Rosalyn Mosciski MD || 42 || Dewitt Bernhard || 43 || Arely O'Kon || 45 || Mr. Deron McDermott I || 50 || Leda Predovic Sr. || 52 || Selina Jaskolski MD || 53 || Mr. Sebastian Miller || 59 || Prof. Timothy Daugherty || 60 || Ms. Alvena Stehr I || 61 || Gerald Orn || 62 || Ada Hyatt || 64 || Mrs. Angeline Murphy IV || 68 || Jordane Bauch || 69 || Elaina Olson || 70 || Lavina Auer || 71 || Daryl Mante || 77 || Hertha Flatley || 83 || Dimitri Buckridge || 86 || Adrian Grimes II || 87 || Augustine Schroeder MD || 90 || Elfrieda Beahan PhD || 98 || Presley Moen || 
13:00:00 mañana 1 || JESUSAMADO SALVADOR || 2 || JAIR ORIEL || 3 || RENZO RAFAEL || 8 || Louisa Macejkovic V || 11 || Halle Goldner || 12 || Robin Davis III || 19 || Christelle O'Connell || 21 || Ulises Hintz || 22 || Otho Fay I || 23 || Jess Morissette || 26 || Bernie Dach || 28 || Terrill Feil MD || 32 || Jaqueline Heidenreich || 37 || Miss Onie Cormier IV || 40 || Rosalyn Mosciski MD || 42 || Dewitt Bernhard || 43 || Arely O'Kon || 45 || Mr. Deron McDermott I || 50 || Leda Predovic Sr. || 52 || Selina Jaskolski MD || 53 || Mr. Sebastian Miller || 59 || Prof. Timothy Daugherty || 60 || Ms. Alvena Stehr I || 61 || Gerald Orn || 62 || Ada Hyatt || 64 || Mrs. Angeline Murphy IV || 68 || Jordane Bauch || 69 || Elaina Olson || 70 || Lavina Auer || 71 || Daryl Mante || 77 || Hertha Flatley || 83 || Dimitri Buckridge || 86 || Adrian Grimes II || 87 || Augustine Schroeder MD || 90 || Elfrieda Beahan PhD || 98 || Presley Moen || 
13:00:00 mañana 1 || JESUSAMADO SALVADOR || 2 || JAIR ORIEL || 3 || RENZO RAFAEL || 8 || Louisa Macejkovic V || 11 || Halle Goldner || 12 || Robin Davis III || 19 || Christelle O'Connell || 21 || Ulises Hintz || 22 || Otho Fay I || 23 || Jess Morissette || 26 || Bernie Dach || 28 || Terrill Feil MD || 32 || Jaqueline Heidenreich || 37 || Miss Onie Cormier IV || 40 || Rosalyn Mosciski MD || 42 || Dewitt Bernhard || 43 || Arely O'Kon || 45 || Mr. Deron McDermott I || 50 || Leda Predovic Sr. || 52 || Selina Jaskolski MD || 53 || Mr. Sebastian Miller || 59 || Prof. Timothy Daugherty || 60 || Ms. Alvena Stehr I || 61 || Gerald Orn || 62 || Ada Hyatt || 64 || Mrs. Angeline Murphy IV || 68 || Jordane Bauch || 69 || Elaina Olson || 70 || Lavina Auer || 71 || Daryl Mante || 77 || Hertha Flatley || 83 || Dimitri Buckridge || 86 || Adrian Grimes II || 87 || Augustine Schroeder MD || 90 || Elfrieda Beahan PhD || 98 || Presley Moen || 
13:00:00 mañana 1 || JESUSAMADO SALVADOR || 2 || JAIR ORIEL || 3 || RENZO RAFAEL || 8 || Louisa Macejkovic V || 11 || Halle Goldner || 12 || Robin Davis III || 19 || Christelle O'Connell || 21 || Ulises Hintz || 22 || Otho Fay I || 23 || Jess Morissette || 26 || Bernie Dach || 28 || Terrill Feil MD || 32 || Jaqueline Heidenreich || 37 || Miss Onie Cormier IV || 40 || Rosalyn Mosciski MD || 42 || Dewitt Bernhard || 43 || Arely O'Kon || 45 || Mr. Deron McDermott I || 50 || Leda Predovic Sr. || 52 || Selina Jaskolski MD || 53 || Mr. Sebastian Miller || 59 || Prof. Timothy Daugherty || 60 || Ms. Alvena Stehr I || 61 || Gerald Orn || 62 || Ada Hyatt || 64 || Mrs. Angeline Murphy IV || 68 || Jordane Bauch || 69 || Elaina Olson || 70 || Lavina Auer || 71 || Daryl Mante || 77 || Hertha Flatley || 83 || Dimitri Buckridge || 86 || Adrian Grimes II || 87 || Augustine Schroeder MD || 90 || Elfrieda Beahan PhD || 98 || Presley Moen || 
13:00:00 mañana 1 || JESUSAMADO SALVADOR || 2 || JAIR ORIEL || 3 || RENZO RAFAEL || 8 || Louisa Macejkovic V || 11 || Halle Goldner || 12 || Robin Davis III || 19 || Christelle O'Connell || 21 || Ulises Hintz || 22 || Otho Fay I || 23 || Jess Morissette || 26 || Bernie Dach || 28 || Terrill Feil MD || 32 || Jaqueline Heidenreich || 37 || Miss Onie Cormier IV || 40 || Rosalyn Mosciski MD || 42 || Dewitt Bernhard || 43 || Arely O'Kon || 45 || Mr. Deron McDermott I || 50 || Leda Predovic Sr. || 52 || Selina Jaskolski MD || 53 || Mr. Sebastian Miller || 59 || Prof. Timothy Daugherty || 60 || Ms. Alvena Stehr I || 61 || Gerald Orn || 62 || Ada Hyatt || 64 || Mrs. Angeline Murphy IV || 68 || Jordane Bauch || 69 || Elaina Olson || 70 || Lavina Auer || 71 || Daryl Mante || 77 || Hertha Flatley || 83 || Dimitri Buckridge || 86 || Adrian Grimes II || 87 || Augustine Schroeder MD || 90 || Elfrieda Beahan PhD || 98 || Presley Moen || 

13:00:00 mañana 1 || JESUSAMADO SALVADOR || 2 || JAIR ORIEL || 3 || RENZO RAFAEL || 8 || Louisa Macejkovic V || 11 || Halle Goldner || 12 || Robin Davis III || 19 || Christelle O'Connell || 21 || Ulises Hintz || 22 || Otho Fay I || 23 || Jess Morissette || 26 || Bernie Dach || 28 || Terrill Feil MD || 32 || Jaqueline Heidenreich || 37 || Miss Onie Cormier IV || 40 || Rosalyn Mosciski MD || 42 || Dewitt Bernhard || 43 || Arely O'Kon || 45 || Mr. Deron McDermott I || 50 || Leda Predovic Sr. || 52 || Selina Jaskolski MD || 53 || Mr. Sebastian Miller || 59 || Prof. Timothy Daugherty || 60 || Ms. Alvena Stehr I || 61 || Gerald Orn || 62 || Ada Hyatt || 64 || Mrs. Angeline Murphy IV || 68 || Jordane Bauch || 69 || Elaina Olson || 70 || Lavina Auer || 71 || Daryl Mante || 77 || Hertha Flatley || 83 || Dimitri Buckridge || 86 || Adrian Grimes II || 87 || Augustine Schroeder MD || 90 || Elfrieda Beahan PhD || 98 || Presley Moen || 
13:00:00 mañana 1JESUSAMADO SALVADOR || 2JAIR ORIEL || 3RENZO RAFAEL || 8Louisa Macejkovic V || 11Halle Goldner || 12Robin Davis III || 19Christelle O'Connell || 21Ulises Hintz || 22Otho Fay I || 23Jess Morissette || 26Bernie Dach || 28Terrill Feil MD || 32Jaqueline Heidenreich || 37Miss Onie Cormier IV || 40Rosalyn Mosciski MD || 42Dewitt Bernhard || 43Arely O'Kon || 45Mr. Deron McDermott I || 50Leda Predovic Sr. || 52Selina Jaskolski MD || 53Mr. Sebastian Miller || 59Prof. Timothy Daugherty || 60Ms. Alvena Stehr I || 61Gerald Orn || 62Ada Hyatt || 64Mrs. Angeline Murphy IV || 68Jordane Bauch || 69Elaina Olson || 70Lavina Auer || 71Daryl Mante || 77Hertha Flatley || 83Dimitri Buckridge || 86Adrian Grimes II || 87Augustine Schroeder MD || 90Elfrieda Beahan PhD || 98Presley Moen || 
13:00:00 mañana 1JESUSAMADO SALVADOR || 2JAIR ORIEL || 3RENZO RAFAEL || 8Louisa Macejkovic V || 11Halle Goldner || 12Robin Davis III || 19Christelle O'Connell || 21Ulises Hintz || 22Otho Fay I || 23Jess Morissette || 26Bernie Dach || 28Terrill Feil MD || 32Jaqueline Heidenreich || 37Miss Onie Cormier IV || 40Rosalyn Mosciski MD || 42Dewitt Bernhard || 43Arely O'Kon || 45Mr. Deron McDermott I || 50Leda Predovic Sr. || 52Selina Jaskolski MD || 53Mr. Sebastian Miller || 59Prof. Timothy Daugherty || 60Ms. Alvena Stehr I || 61Gerald Orn || 62Ada Hyatt || 64Mrs. Angeline Murphy IV || 68Jordane Bauch || 69Elaina Olson || 70Lavina Auer || 71Daryl Mante || 77Hertha Flatley || 83Dimitri Buckridge || 86Adrian Grimes II || 87Augustine Schroeder MD || 90Elfrieda Beahan PhD || 98Presley Moen || 
13:00:00 mañana JESUSAMADO SALVADOR || JAIR ORIEL || RENZO RAFAEL || Louisa Macejkovic V || Halle Goldner || Robin Davis III || Christelle O'Connell || Ulises Hintz || Otho Fay I || Jess Morissette || Bernie Dach || Terrill Feil MD || Jaqueline Heidenreich || Miss Onie Cormier IV || Rosalyn Mosciski MD || Dewitt Bernhard || Arely O'Kon || Mr. Deron McDermott I || Leda Predovic Sr. || Selina Jaskolski MD || Mr. Sebastian Miller || Prof. Timothy Daugherty || Ms. Alvena Stehr I || Gerald Orn || Ada Hyatt || Mrs. Angeline Murphy IV || Jordane Bauch || Elaina Olson || Lavina Auer || Daryl Mante || Hertha Flatley || Dimitri Buckridge || Adrian Grimes II || Augustine Schroeder MD || Elfrieda Beahan PhD || Presley Moen || 
   ErrorException 

  Undefined variable $asists

  at app/Console/Commands/AssistCommand.php:50
     46▕             print_r($iduser , ' ');
     47▕             echo $applier->nombre,' || ';    
     48▕         }
     49▕          $assists = DB::table('assists')->where('user_id', $iduser )->get();; 
  ➜  50▕             echo $asists;
     51▕        }else{
     52▕         echo "no hay turno";
     53▕       } 
     54▕

  1   app/Console/Commands/AssistCommand.php:50
      Illuminate\Foundation\Bootstrap\HandleExceptions::Illuminate\Foundation\Bootstrap\{closure}()

      [2m+13 vendor frames [22m
  15  artisan:37
      Illuminate\Foundation\Console\Kernel::handle()

13:00:00 mañana JESUSAMADO SALVADOR || JAIR ORIEL || RENZO RAFAEL || Louisa Macejkovic V || Halle Goldner || Robin Davis III || Christelle O'Connell || Ulises Hintz || Otho Fay I || Jess Morissette || Bernie Dach || Terrill Feil MD || Jaqueline Heidenreich || Miss Onie Cormier IV || Rosalyn Mosciski MD || Dewitt Bernhard || Arely O'Kon || Mr. Deron McDermott I || Leda Predovic Sr. || Selina Jaskolski MD || Mr. Sebastian Miller || Prof. Timothy Daugherty || Ms. Alvena Stehr I || Gerald Orn || Ada Hyatt || Mrs. Angeline Murphy IV || Jordane Bauch || Elaina Olson || Lavina Auer || Daryl Mante || Hertha Flatley || Dimitri Buckridge || Adrian Grimes II || Augustine Schroeder MD || Elfrieda Beahan PhD || Presley Moen || []
13:00:00 mañana JESUSAMADO SALVADOR || JAIR ORIEL || RENZO RAFAEL || Louisa Macejkovic V || Halle Goldner || Robin Davis III || Christelle O'Connell || Ulises Hintz || Otho Fay I || Jess Morissette || Bernie Dach || Terrill Feil MD || Jaqueline Heidenreich || Miss Onie Cormier IV || Rosalyn Mosciski MD || Dewitt Bernhard || Arely O'Kon || Mr. Deron McDermott I || Leda Predovic Sr. || Selina Jaskolski MD || Mr. Sebastian Miller || Prof. Timothy Daugherty || Ms. Alvena Stehr I || Gerald Orn || Ada Hyatt || Mrs. Angeline Murphy IV || Jordane Bauch || Elaina Olson || Lavina Auer || Daryl Mante || Hertha Flatley || Dimitri Buckridge || Adrian Grimes II || Augustine Schroeder MD || Elfrieda Beahan PhD || Presley Moen || []
13:00:00 mañana JESUSAMADO SALVADOR || JAIR ORIEL || RENZO RAFAEL || Louisa Macejkovic V || Halle Goldner || Robin Davis III || Christelle O'Connell || Ulises Hintz || Otho Fay I || Jess Morissette || Bernie Dach || Terrill Feil MD || Jaqueline Heidenreich || Miss Onie Cormier IV || Rosalyn Mosciski MD || Dewitt Bernhard || Arely O'Kon || Mr. Deron McDermott I || Leda Predovic Sr. || Selina Jaskolski MD || Mr. Sebastian Miller || Prof. Timothy Daugherty || Ms. Alvena Stehr I || Gerald Orn || Ada Hyatt || Mrs. Angeline Murphy IV || Jordane Bauch || Elaina Olson || Lavina Auer || Daryl Mante || Hertha Flatley || Dimitri Buckridge || Adrian Grimes II || Augustine Schroeder MD || Elfrieda Beahan PhD || Presley Moen || []
13:00:00 mañana JESUSAMADO SALVADOR || JAIR ORIEL || RENZO RAFAEL || Louisa Macejkovic V || Halle Goldner || Robin Davis III || Christelle O'Connell || Ulises Hintz || Otho Fay I || Jess Morissette || Bernie Dach || Terrill Feil MD || Jaqueline Heidenreich || Miss Onie Cormier IV || Rosalyn Mosciski MD || Dewitt Bernhard || Arely O'Kon || Mr. Deron McDermott I || Leda Predovic Sr. || Selina Jaskolski MD || Mr. Sebastian Miller || Prof. Timothy Daugherty || Ms. Alvena Stehr I || Gerald Orn || Ada Hyatt || Mrs. Angeline Murphy IV || Jordane Bauch || Elaina Olson || Lavina Auer || Daryl Mante || Hertha Flatley || Dimitri Buckridge || Adrian Grimes II || Augustine Schroeder MD || Elfrieda Beahan PhD || Presley Moen || []
13:00:00 mañana JESUSAMADO SALVADOR || JAIR ORIEL || RENZO RAFAEL || Louisa Macejkovic V || Halle Goldner || Robin Davis III || Christelle O'Connell || Ulises Hintz || Otho Fay I || Jess Morissette || Bernie Dach || Terrill Feil MD || Jaqueline Heidenreich || Miss Onie Cormier IV || Rosalyn Mosciski MD || Dewitt Bernhard || Arely O'Kon || Mr. Deron McDermott I || Leda Predovic Sr. || Selina Jaskolski MD || Mr. Sebastian Miller || Prof. Timothy Daugherty || Ms. Alvena Stehr I || Gerald Orn || Ada Hyatt || Mrs. Angeline Murphy IV || Jordane Bauch || Elaina Olson || Lavina Auer || Daryl Mante || Hertha Flatley || Dimitri Buckridge || Adrian Grimes II || Augustine Schroeder MD || Elfrieda Beahan PhD || Presley Moen || []
13:00:00 mañana JESUSAMADO SALVADOR || JAIR ORIEL || RENZO RAFAEL || Louisa Macejkovic V || Halle Goldner || Robin Davis III || Christelle O'Connell || Ulises Hintz || Otho Fay I || Jess Morissette || Bernie Dach || Terrill Feil MD || Jaqueline Heidenreich || Miss Onie Cormier IV || Rosalyn Mosciski MD || Dewitt Bernhard || Arely O'Kon || Mr. Deron McDermott I || Leda Predovic Sr. || Selina Jaskolski MD || Mr. Sebastian Miller || Prof. Timothy Daugherty || Ms. Alvena Stehr I || Gerald Orn || Ada Hyatt || Mrs. Angeline Murphy IV || Jordane Bauch || Elaina Olson || Lavina Auer || Daryl Mante || Hertha Flatley || Dimitri Buckridge || Adrian Grimes II || Augustine Schroeder MD || Elfrieda Beahan PhD || Presley Moen || []
13:00:00 mañana JESUSAMADO SALVADOR || JAIR ORIEL || RENZO RAFAEL || Louisa Macejkovic V || Halle Goldner || Robin Davis III || Christelle O'Connell || Ulises Hintz || Otho Fay I || Jess Morissette || Bernie Dach || Terrill Feil MD || Jaqueline Heidenreich || Miss Onie Cormier IV || Rosalyn Mosciski MD || Dewitt Bernhard || Arely O'Kon || Mr. Deron McDermott I || Leda Predovic Sr. || Selina Jaskolski MD || Mr. Sebastian Miller || Prof. Timothy Daugherty || Ms. Alvena Stehr I || Gerald Orn || Ada Hyatt || Mrs. Angeline Murphy IV || Jordane Bauch || Elaina Olson || Lavina Auer || Daryl Mante || Hertha Flatley || Dimitri Buckridge || Adrian Grimes II || Augustine Schroeder MD || Elfrieda Beahan PhD || Presley Moen || []
13:00:00 mañana JESUSAMADO SALVADOR || JAIR ORIEL || RENZO RAFAEL || Louisa Macejkovic V || Halle Goldner || Robin Davis III || Christelle O'Connell || Ulises Hintz || Otho Fay I || Jess Morissette || Bernie Dach || Terrill Feil MD || Jaqueline Heidenreich || Miss Onie Cormier IV || Rosalyn Mosciski MD || Dewitt Bernhard || Arely O'Kon || Mr. Deron McDermott I || Leda Predovic Sr. || Selina Jaskolski MD || Mr. Sebastian Miller || Prof. Timothy Daugherty || Ms. Alvena Stehr I || Gerald Orn || Ada Hyatt || Mrs. Angeline Murphy IV || Jordane Bauch || Elaina Olson || Lavina Auer || Daryl Mante || Hertha Flatley || Dimitri Buckridge || Adrian Grimes II || Augustine Schroeder MD || Elfrieda Beahan PhD || Presley Moen || []
13:00:00 mañana JESUSAMADO SALVADOR || JAIR ORIEL || RENZO RAFAEL || Louisa Macejkovic V || Halle Goldner || Robin Davis III || Christelle O'Connell || Ulises Hintz || Otho Fay I || Jess Morissette || Bernie Dach || Terrill Feil MD || Jaqueline Heidenreich || Miss Onie Cormier IV || Rosalyn Mosciski MD || Dewitt Bernhard || Arely O'Kon || Mr. Deron McDermott I || Leda Predovic Sr. || Selina Jaskolski MD || Mr. Sebastian Miller || Prof. Timothy Daugherty || Ms. Alvena Stehr I || Gerald Orn || Ada Hyatt || Mrs. Angeline Murphy IV || Jordane Bauch || Elaina Olson || Lavina Auer || Daryl Mante || Hertha Flatley || Dimitri Buckridge || Adrian Grimes II || Augustine Schroeder MD || Elfrieda Beahan PhD || Presley Moen || []
18:00:00 tarde OFNIOMAR || Ian Crist II || Providenci Sporer || Clay Kreiger || Arvilla Becker || Wilbert Treutel || Keshawn Effertz || Mrs. Sophia Grant || Mrs. Layla Hyatt I || Rachel Heathcote || Doug Waelchi || Leda Corkery || Ms. Loren Collins V || Bradford Champlin I || Neha Murphy || Bettie McCullough MD || Mark Pfeffer || Colin Bashirian || Mr. Ramiro Collier || Lera Rolfson IV || Bridget Tremblay || Ms. Jakayla Wilkinson Jr. || Abelardo Parker || Jazmyn Schuppe || Alyson Little || Brandi Miller || Prof. Roel Heaney || Jay Lemke Sr. || Ola Kuhlman || Caleigh Hessel || Sherwood Huel || Jordi Beer || Mr. Kadin Auer || Vincent Hyatt || Heidi Roob MD || 
18:00:00 
   ErrorException 

  foreach() argument must be of type array|object, int given

  at app/Console/Commands/AssistCommand.php:38
     34▕         // $hora   = $carbon->toTimeString();
     35▕          echo $prueba , " ";
     36▕        if ($prueba == '13:00:00' || $prueba == '18:00:00' || $prueba == '23:00:00') {
     37▕              $turnos = DB::table('turns')->where('salida', $prueba)->value('id');
  ➜  38▕              foreach ($turnos as $turn){
     39▕                 $user=$turn->id;
     40▕                 print_r($turn->turno);//muestra turno 
     41▕                 echo " ";
     42▕              }

  1   app/Console/Commands/AssistCommand.php:38
      Illuminate\Foundation\Bootstrap\HandleExceptions::Illuminate\Foundation\Bootstrap\{closure}()

      [2m+13 vendor frames [22m
  15  artisan:37
      Illuminate\Foundation\Console\Kernel::handle()

18:00:00 
   ErrorException 

  foreach() argument must be of type array|object, int given

  at app/Console/Commands/AssistCommand.php:38
     34▕         // $hora   = $carbon->toTimeString();
     35▕          echo $prueba , " ";
     36▕        if ($prueba == '13:00:00' || $prueba == '18:00:00' || $prueba == '23:00:00') {
     37▕              $turnos = DB::table('turns')->where('salida', $prueba)->value('id');
  ➜  38▕              foreach ($turnos as $turn){
     39▕                 $user=$turn->id;
     40▕                 print_r($turn->turno);//muestra turno 
     41▕                 echo " ";
     42▕              }

  1   app/Console/Commands/AssistCommand.php:38
      Illuminate\Foundation\Bootstrap\HandleExceptions::Illuminate\Foundation\Bootstrap\{closure}()

      [2m+13 vendor frames [22m
  15  artisan:37
      Illuminate\Foundation\Console\Kernel::handle()

18:00:00 2
23:00:00 3
23:00:00 
   ErrorException 

  Undefined variable $turnos

  at app/Console/Commands/AssistCommand.php:39
     35▕          echo $prueba , " ";
     36▕        if ($prueba == '13:00:00' || $prueba == '18:00:00' || $prueba == '23:00:00') {
     37▕              $turnoid = DB::table('turns')->where('salida', $prueba)->value('id');
     38▕ 
  ➜  39▕               echo $turnos;
     40▕              /* foreach ($turnos as $turn){
     41▕                 $user=$turn->id;
     42▕                 print_r($turn->turno);//muestra turno 
     43▕                 echo " ";

  1   app/Console/Commands/AssistCommand.php:39
      Illuminate\Foundation\Bootstrap\HandleExceptions::Illuminate\Foundation\Bootstrap\{closure}()

      [2m+13 vendor frames [22m
  15  artisan:37
      Illuminate\Foundation\Console\Kernel::handle()

23:00:00 
   ErrorException 

  Undefined variable $turnos

  at app/Console/Commands/AssistCommand.php:39
     35▕          echo $prueba , " ";
     36▕        if ($prueba == '13:00:00' || $prueba == '18:00:00' || $prueba == '23:00:00') {
     37▕              $turnoid = DB::table('turns')->where('salida', $prueba)->value('id');
     38▕ 
  ➜  39▕               echo $turnos;
     40▕              /* foreach ($turnos as $turn){
     41▕                 $user=$turn->id;
     42▕                 print_r($turn->turno);//muestra turno 
     43▕                 echo " ";

  1   app/Console/Commands/AssistCommand.php:39
      Illuminate\Foundation\Bootstrap\HandleExceptions::Illuminate\Foundation\Bootstrap\{closure}()

      [2m+13 vendor frames [22m
  15  artisan:37
      Illuminate\Foundation\Console\Kernel::handle()

23:00:00 
   ErrorException 

  Undefined variable $turnos

  at app/Console/Commands/AssistCommand.php:39
     35▕          echo $prueba , " ";
     36▕        if ($prueba == '13:00:00' || $prueba == '18:00:00' || $prueba == '23:00:00') {
     37▕              $turnoid = DB::table('turns')->where('salida', $prueba)->value('id');
     38▕ 
  ➜  39▕               echo $turnos;
     40▕              /* foreach ($turnos as $turn){
     41▕                 $user=$turn->id;
     42▕                 print_r($turn->turno);//muestra turno 
     43▕                 echo " ";

  1   app/Console/Commands/AssistCommand.php:39
      Illuminate\Foundation\Bootstrap\HandleExceptions::Illuminate\Foundation\Bootstrap\{closure}()

      [2m+13 vendor frames [22m
  15  artisan:37
      Illuminate\Foundation\Console\Kernel::handle()

23:00:00 3
   Error 

  Class "App\Console\Commands\Applier" not found

  at app/Console/Commands/AssistCommand.php:45
     41▕                 $user=$turn->id;
     42▕                 print_r($turn->turno);//muestra turno 
     43▕                 echo " ";
     44▕              } */
  ➜  45▕           $applierid = Applier::Where('turn_id', $turnoid)->get();
     46▕ 
     47▕         echo $applierid;
     48▕         //foreach ($appliers as $applier) {
     49▕         //    $iduser= $applier->id;

      [2m+13 vendor frames [22m
  14  artisan:37
      Illuminate\Foundation\Console\Kernel::handle()

23:00:00 3
   Error 

  Class "App\Console\Commands\Applier" not found

  at app/Console/Commands/AssistCommand.php:45
     41▕                 $user=$turn->id;
     42▕                 print_r($turn->turno);//muestra turno 
     43▕                 echo " ";
     44▕              } */
  ➜  45▕           $applierid = Applier::Where('turn_id', $turnoid)->get();
     46▕ 
     47▕         echo $applierid;
     48▕         //foreach ($appliers as $applier) {
     49▕         //    $iduser= $applier->id;

      [2m+13 vendor frames [22m
  14  artisan:37
      Illuminate\Foundation\Console\Kernel::handle()

23:00:00 3[{"id":5,"nombre":"AGRIPINA","apellidoP":"PAREDES","apellidoM":"DE TORRES","dni":"04635468","email":"ag_trr@gmail.com","email_verified_at":null,"created_at":"2022-09-05T16:52:54.000000Z","updated_at":"2022-09-05T16:52:54.000000Z","phone":"961548795","image":null,"gender":null,"country_id":null,"platform_id":null,"division_id":null,"area_id":null,"perfil_id":null,"turn_id":3,"fecha_postulacion":null,"wsp_status":null,"observacion":null},{"id":6,"nombre":"Rhett Schiller DVM","apellidoP":"dolorum","apellidoM":"nisi","dni":"61617597","email":"corwin.yoshiko@example.com","email_verified_at":null,"created_at":"2022-09-05T16:52:55.000000Z","updated_at":"2022-09-05T16:52:55.000000Z","phone":"+1-530-735-0379","image":null,"gender":null,"country_id":null,"platform_id":null,"division_id":null,"area_id":null,"perfil_id":null,"turn_id":3,"fecha_postulacion":null,"wsp_status":null,"observacion":null},{"id":9,"nombre":"Prof. Hassan Fahey I","apellidoP":"a","apellidoM":"eum","dni":"82588963","email":"yoconner@example.net","email_verified_at":null,"created_at":"2022-09-05T16:52:55.000000Z","updated_at":"2022-09-05T16:52:55.000000Z","phone":"605.360.9610","image":null,"gender":null,"country_id":null,"platform_id":null,"division_id":null,"area_id":null,"perfil_id":null,"turn_id":3,"fecha_postulacion":null,"wsp_status":null,"observacion":null},{"id":13,"nombre":"Westley Dickens","apellidoP":"nobis","apellidoM":"quos","dni":"46449711","email":"omertz@example.net","email_verified_at":null,"created_at":"2022-09-05T16:52:55.000000Z","updated_at":"2022-09-05T16:52:55.000000Z","phone":"+18548785392","image":null,"gender":null,"country_id":null,"platform_id":null,"division_id":null,"area_id":null,"perfil_id":null,"turn_id":3,"fecha_postulacion":null,"wsp_status":null,"observacion":null},{"id":15,"nombre":"Cordell Bernier","apellidoP":"iste","apellidoM":"doloribus","dni":"46131726","email":"bennett.howell@example.org","email_verified_at":null,"created_at":"2022-09-05T16:52:55.000000Z","updated_at":"2022-09-05T16:52:55.000000Z","phone":"1-970-655-4743","image":null,"gender":null,"country_id":null,"platform_id":null,"division_id":null,"area_id":null,"perfil_id":null,"turn_id":3,"fecha_postulacion":null,"wsp_status":null,"observacion":null},{"id":18,"nombre":"Lilyan Schmeler","apellidoP":"quis","apellidoM":"et","dni":"36018573","email":"sandra.brown@example.net","email_verified_at":null,"created_at":"2022-09-05T16:52:55.000000Z","updated_at":"2022-09-05T16:52:55.000000Z","phone":"+1 (413) 496-6404","image":null,"gender":null,"country_id":null,"platform_id":null,"division_id":null,"area_id":null,"perfil_id":null,"turn_id":3,"fecha_postulacion":null,"wsp_status":null,"observacion":null},{"id":20,"nombre":"Patricia Ziemann","apellidoP":"labore","apellidoM":"beatae","dni":"83018743","email":"jabari69@example.org","email_verified_at":null,"created_at":"2022-09-05T16:52:55.000000Z","updated_at":"2022-09-05T16:52:55.000000Z","phone":"+1-938-924-9921","image":null,"gender":null,"country_id":null,"platform_id":null,"division_id":null,"area_id":null,"perfil_id":null,"turn_id":3,"fecha_postulacion":null,"wsp_status":null,"observacion":null},{"id":24,"nombre":"Kylie Breitenberg","apellidoP":"consequatur","apellidoM":"molestiae","dni":"18547306","email":"pearlie.hettinger@example.net","email_verified_at":null,"created_at":"2022-09-05T16:52:56.000000Z","updated_at":"2022-09-05T16:52:56.000000Z","phone":"1-930-804-3575","image":null,"gender":null,"country_id":null,"platform_id":null,"division_id":null,"area_id":null,"perfil_id":null,"turn_id":3,"fecha_postulacion":null,"wsp_status":null,"observacion":null},{"id":29,"nombre":"Marietta Leffler","apellidoP":"labore","apellidoM":"aut","dni":"48727905","email":"theresa.willms@example.com","email_verified_at":null,"created_at":"2022-09-05T16:52:56.000000Z","updated_at":"2022-09-05T16:52:56.000000Z","phone":"804-941-4096","image":null,"gender":null,"country_id":null,"platform_id":null,"division_id":null,"area_id":null,"perfil_id":null,"turn_id":3,"fecha_postulacion":null,"wsp_status":null,"observacion":null},{"id":30,"nombre":"Jarrod Medhurst","apellidoP":"quia","apellidoM":"officia","dni":"99473351","email":"greta81@example.org","email_verified_at":null,"created_at":"2022-09-05T16:52:56.000000Z","updated_at":"2022-09-05T16:52:56.000000Z","phone":"+15706944833","image":null,"gender":null,"country_id":null,"platform_id":null,"division_id":null,"area_id":null,"perfil_id":null,"turn_id":3,"fecha_postulacion":null,"wsp_status":null,"observacion":null},{"id":31,"nombre":"Lilian Langworth I","apellidoP":"occaecati","apellidoM":"a","dni":"61687309","email":"ybergstrom@example.com","email_verified_at":null,"created_at":"2022-09-05T16:52:56.000000Z","updated_at":"2022-09-05T16:52:56.000000Z","phone":"601.841.7272","image":null,"gender":null,"country_id":null,"platform_id":null,"division_id":null,"area_id":null,"perfil_id":null,"turn_id":3,"fecha_postulacion":null,"wsp_status":null,"observacion":null},{"id":33,"nombre":"Kenneth Rau","apellidoP":"quisquam","apellidoM":"aut","dni":"40342942","email":"judd.willms@example.net","email_verified_at":null,"created_at":"2022-09-05T16:52:56.000000Z","updated_at":"2022-09-05T16:52:56.000000Z","phone":"407-696-9774","image":null,"gender":null,"country_id":null,"platform_id":null,"division_id":null,"area_id":null,"perfil_id":null,"turn_id":3,"fecha_postulacion":null,"wsp_status":null,"observacion":null},{"id":35,"nombre":"Davin Blanda","apellidoP":"vel","apellidoM":"rerum","dni":"37236132","email":"demarcus.abshire@example.com","email_verified_at":null,"created_at":"2022-09-05T16:52:56.000000Z","updated_at":"2022-09-05T16:52:56.000000Z","phone":"1-714-336-7279","image":null,"gender":null,"country_id":null,"platform_id":null,"division_id":null,"area_id":null,"perfil_id":null,"turn_id":3,"fecha_postulacion":null,"wsp_status":null,"observacion":null},{"id":38,"nombre":"Mr. Nikolas Ratke","apellidoP":"qui","apellidoM":"quia","dni":"65319465","email":"franco.douglas@example.com","email_verified_at":null,"created_at":"2022-09-05T16:52:56.000000Z","updated_at":"2022-09-05T16:52:56.000000Z","phone":"740.570.5368","image":null,"gender":null,"country_id":null,"platform_id":null,"division_id":null,"area_id":null,"perfil_id":null,"turn_id":3,"fecha_postulacion":null,"wsp_status":null,"observacion":null},{"id":48,"nombre":"Kenyon Little Sr.","apellidoP":"quisquam","apellidoM":"atque","dni":"77195759","email":"savanna88@example.org","email_verified_at":null,"created_at":"2022-09-05T16:52:56.000000Z","updated_at":"2022-09-05T16:52:56.000000Z","phone":"1-409-543-0689","image":null,"gender":null,"country_id":null,"platform_id":null,"division_id":null,"area_id":null,"perfil_id":null,"turn_id":3,"fecha_postulacion":null,"wsp_status":null,"observacion":null},{"id":49,"nombre":"Conor Spencer","apellidoP":"ab","apellidoM":"deserunt","dni":"30632420","email":"ufay@example.org","email_verified_at":null,"created_at":"2022-09-05T16:52:56.000000Z","updated_at":"2022-09-05T16:52:56.000000Z","phone":"+1-757-558-2509","image":null,"gender":null,"country_id":null,"platform_id":null,"division_id":null,"area_id":null,"perfil_id":null,"turn_id":3,"fecha_postulacion":null,"wsp_status":null,"observacion":null},{"id":51,"nombre":"Ulises Schumm","apellidoP":"molestiae","apellidoM":"harum","dni":"37023947","email":"lang.jessika@example.org","email_verified_at":null,"created_at":"2022-09-05T16:52:56.000000Z","updated_at":"2022-09-05T16:52:56.000000Z","phone":"678-558-4834","image":null,"gender":null,"country_id":null,"platform_id":null,"division_id":null,"area_id":null,"perfil_id":null,"turn_id":3,"fecha_postulacion":null,"wsp_status":null,"observacion":null},{"id":54,"nombre":"Prof. Kasey Stracke Sr.","apellidoP":"commodi","apellidoM":"tempora","dni":"63140762","email":"chad93@example.com","email_verified_at":null,"created_at":"2022-09-05T16:52:56.000000Z","updated_at":"2022-09-05T16:52:56.000000Z","phone":"269-285-2961","image":null,"gender":null,"country_id":null,"platform_id":null,"division_id":null,"area_id":null,"perfil_id":null,"turn_id":3,"fecha_postulacion":null,"wsp_status":null,"observacion":null},{"id":55,"nombre":"Herminia Jacobi","apellidoP":"rerum","apellidoM":"error","dni":"89855970","email":"rrosenbaum@example.org","email_verified_at":null,"created_at":"2022-09-05T16:52:56.000000Z","updated_at":"2022-09-05T16:52:56.000000Z","phone":"641-741-4668","image":null,"gender":null,"country_id":null,"platform_id":null,"division_id":null,"area_id":null,"perfil_id":null,"turn_id":3,"fecha_postulacion":null,"wsp_status":null,"observacion":null},{"id":56,"nombre":"Beth Strosin","apellidoP":"distinctio","apellidoM":"qui","dni":"57992670","email":"koelpin.kenneth@example.org","email_verified_at":null,"created_at":"2022-09-05T16:52:56.000000Z","updated_at":"2022-09-05T16:52:56.000000Z","phone":"224-798-8639","image":null,"gender":null,"country_id":null,"platform_id":null,"division_id":null,"area_id":null,"perfil_id":null,"turn_id":3,"fecha_postulacion":null,"wsp_status":null,"observacion":null},{"id":65,"nombre":"Ethelyn Mante DVM","apellidoP":"qui","apellidoM":"tenetur","dni":"63015182","email":"green.korbin@example.net","email_verified_at":null,"created_at":"2022-09-05T16:52:56.000000Z","updated_at":"2022-09-05T16:52:56.000000Z","phone":"724.912.4513","image":null,"gender":null,"country_id":null,"platform_id":null,"division_id":null,"area_id":null,"perfil_id":null,"turn_id":3,"fecha_postulacion":null,"wsp_status":null,"observacion":null},{"id":66,"nombre":"Mrs. Valentine Lind V","apellidoP":"eum","apellidoM":"cumque","dni":"29367882","email":"ibosco@example.com","email_verified_at":null,"created_at":"2022-09-05T16:52:56.000000Z","updated_at":"2022-09-05T16:52:56.000000Z","phone":"+1-980-646-5563","image":null,"gender":null,"country_id":null,"platform_id":null,"division_id":null,"area_id":null,"perfil_id":null,"turn_id":3,"fecha_postulacion":null,"wsp_status":null,"observacion":null},{"id":67,"nombre":"Efrain Green","apellidoP":"nesciunt","apellidoM":"eius","dni":"77754674","email":"schmidt.madilyn@example.net","email_verified_at":null,"created_at":"2022-09-05T16:52:56.000000Z","updated_at":"2022-09-05T16:52:56.000000Z","phone":"(618) 439-2873","image":null,"gender":null,"country_id":null,"platform_id":null,"division_id":null,"area_id":null,"perfil_id":null,"turn_id":3,"fecha_postulacion":null,"wsp_status":null,"observacion":null},{"id":73,"nombre":"Tiara Gottlieb","apellidoP":"aut","apellidoM":"vitae","dni":"26433983","email":"alicia.hartmann@example.org","email_verified_at":null,"created_at":"2022-09-05T16:52:56.000000Z","updated_at":"2022-09-05T16:52:56.000000Z","phone":"+1.458.836.3410","image":null,"gender":null,"country_id":null,"platform_id":null,"division_id":null,"area_id":null,"perfil_id":null,"turn_id":3,"fecha_postulacion":null,"wsp_status":null,"observacion":null},{"id":80,"nombre":"Patsy Abbott Sr.","apellidoP":"dolore","apellidoM":"modi","dni":"74495625","email":"joreilly@example.org","email_verified_at":null,"created_at":"2022-09-05T16:52:57.000000Z","updated_at":"2022-09-05T16:52:57.000000Z","phone":"(865) 959-3816","image":null,"gender":null,"country_id":null,"platform_id":null,"division_id":null,"area_id":null,"perfil_id":null,"turn_id":3,"fecha_postulacion":null,"wsp_status":null,"observacion":null},{"id":85,"nombre":"Yvonne Skiles","apellidoP":"accusamus","apellidoM":"est","dni":"45116266","email":"gusikowski.favian@example.com","email_verified_at":null,"created_at":"2022-09-05T16:52:57.000000Z","updated_at":"2022-09-05T16:52:57.000000Z","phone":"+1.623.615.8776","image":null,"gender":null,"country_id":null,"platform_id":null,"division_id":null,"area_id":null,"perfil_id":null,"turn_id":3,"fecha_postulacion":null,"wsp_status":null,"observacion":null},{"id":88,"nombre":"Chaz Bergstrom","apellidoP":"est","apellidoM":"recusandae","dni":"19647900","email":"kihn.mckayla@example.com","email_verified_at":null,"created_at":"2022-09-05T16:52:57.000000Z","updated_at":"2022-09-05T16:52:57.000000Z","phone":"520.999.9851","image":null,"gender":null,"country_id":null,"platform_id":null,"division_id":null,"area_id":null,"perfil_id":null,"turn_id":3,"fecha_postulacion":null,"wsp_status":null,"observacion":null},{"id":89,"nombre":"Isai Hilpert","apellidoP":"non","apellidoM":"est","dni":"89067504","email":"bwaters@example.com","email_verified_at":null,"created_at":"2022-09-05T16:52:57.000000Z","updated_at":"2022-09-05T16:52:57.000000Z","phone":"(779) 368-6787","image":null,"gender":null,"country_id":null,"platform_id":null,"division_id":null,"area_id":null,"perfil_id":null,"turn_id":3,"fecha_postulacion":null,"wsp_status":null,"observacion":null},{"id":93,"nombre":"Ms. Delta Runte Sr.","apellidoP":"dolorum","apellidoM":"quaerat","dni":"50889622","email":"zrath@example.net","email_verified_at":null,"created_at":"2022-09-05T16:52:57.000000Z","updated_at":"2022-09-05T16:52:57.000000Z","phone":"(971) 573-2737","image":null,"gender":null,"country_id":null,"platform_id":null,"division_id":null,"area_id":null,"perfil_id":null,"turn_id":3,"fecha_postulacion":null,"wsp_status":null,"observacion":null},{"id":94,"nombre":"Margaretta Dooley","apellidoP":"rerum","apellidoM":"fugiat","dni":"12300193","email":"olen.crooks@example.com","email_verified_at":null,"created_at":"2022-09-05T16:52:57.000000Z","updated_at":"2022-09-05T16:52:57.000000Z","phone":"1-564-965-5719","image":null,"gender":null,"country_id":null,"platform_id":null,"division_id":null,"area_id":null,"perfil_id":null,"turn_id":3,"fecha_postulacion":null,"wsp_status":null,"observacion":null},{"id":97,"nombre":"Minerva Becker","apellidoP":"iusto","apellidoM":"ab","dni":"12899960","email":"vena89@example.org","email_verified_at":null,"created_at":"2022-09-05T16:52:57.000000Z","updated_at":"2022-09-05T16:52:57.000000Z","phone":"346-391-7209","image":null,"gender":null,"country_id":null,"platform_id":null,"division_id":null,"area_id":null,"perfil_id":null,"turn_id":3,"fecha_postulacion":null,"wsp_status":null,"observacion":null},{"id":99,"nombre":"Mr. Jacques Boyle","apellidoP":"nobis","apellidoM":"provident","dni":"70411321","email":"agulgowski@example.net","email_verified_at":null,"created_at":"2022-09-05T16:52:57.000000Z","updated_at":"2022-09-05T16:52:57.000000Z","phone":"223-428-8059","image":null,"gender":null,"country_id":null,"platform_id":null,"division_id":null,"area_id":null,"perfil_id":null,"turn_id":3,"fecha_postulacion":null,"wsp_status":null,"observacion":null},{"id":101,"nombre":"Trudie Friesen","apellidoP":"consequuntur","apellidoM":"qui","dni":"74963448","email":"schumm.nova@example.net","email_verified_at":null,"created_at":"2022-09-05T16:52:57.000000Z","updated_at":"2022-09-05T16:52:57.000000Z","phone":"1-731-493-0324","image":null,"gender":null,"country_id":null,"platform_id":null,"division_id":null,"area_id":null,"perfil_id":null,"turn_id":3,"fecha_postulacion":null,"wsp_status":null,"observacion":null},{"id":102,"nombre":"Mr. Bernie Cronin IV","apellidoP":"dolores","apellidoM":"eum","dni":"97759130","email":"marks.alexanne@example.com","email_verified_at":null,"created_at":"2022-09-05T16:52:57.000000Z","updated_at":"2022-09-05T16:52:57.000000Z","phone":"+1.507.677.1056","image":null,"gender":null,"country_id":null,"platform_id":null,"division_id":null,"area_id":null,"perfil_id":null,"turn_id":3,"fecha_postulacion":null,"wsp_status":null,"observacion":null}]
23:00:00 35
13:00:00 1  1
13:00:00 1  1

13:00:00 1  1
13:00:00 1  1
13:00:00 1  
   Exception 

  Property [id] does not exist on this collection instance.

  at vendor/laravel/framework/src/Illuminate/Collections/Traits/EnumeratesValues.php:983
    979▕      */
    980▕     public function __get($key)
    981▕     {
    982▕         if (! in_array($key, static::$proxies)) {
  ➜ 983▕             throw new Exception("Property [{$key}] does not exist on this collection instance.");
    984▕         }
    985▕ 
    986▕         return new HigherOrderCollectionProxy($this, $key);
    987▕     }

  1   app/Console/Commands/AssistCommand.php:47
      Illuminate\Support\Collection::__get()

      [2m+13 vendor frames [22m
  15  artisan:37
      Illuminate\Foundation\Console\Kernel::handle()

13:00:00 1  
   Exception 

  Property [id] does not exist on this collection instance.

  at vendor/laravel/framework/src/Illuminate/Collections/Traits/EnumeratesValues.php:983
    979▕      */
    980▕     public function __get($key)
    981▕     {
    982▕         if (! in_array($key, static::$proxies)) {
  ➜ 983▕             throw new Exception("Property [{$key}] does not exist on this collection instance.");
    984▕         }
    985▕ 
    986▕         return new HigherOrderCollectionProxy($this, $key);
    987▕     }

  1   app/Console/Commands/AssistCommand.php:47
      Illuminate\Support\Collection::__get()

      [2m+13 vendor frames [22m
  15  artisan:37
      Illuminate\Foundation\Console\Kernel::handle()

13:00:00 1  
   Exception 

  Property [id] does not exist on this collection instance.

  at vendor/laravel/framework/src/Illuminate/Collections/Traits/EnumeratesValues.php:983
    979▕      */
    980▕     public function __get($key)
    981▕     {
    982▕         if (! in_array($key, static::$proxies)) {
  ➜ 983▕             throw new Exception("Property [{$key}] does not exist on this collection instance.");
    984▕         }
    985▕ 
    986▕         return new HigherOrderCollectionProxy($this, $key);
    987▕     }

  1   app/Console/Commands/AssistCommand.php:46
      Illuminate\Support\Collection::__get()

      [2m+13 vendor frames [22m
  15  artisan:37
      Illuminate\Foundation\Console\Kernel::handle()

13:00:00 1  
   BadMethodCallException 

  Method Illuminate\Database\Eloquent\Collection::id does not exist.

  at vendor/laravel/framework/src/Illuminate/Macroable/Traits/Macroable.php:113
    109▕      */
    110▕     public function __call($method, $parameters)
    111▕     {
    112▕         if (! static::hasMacro($method)) {
  ➜ 113▕             throw new BadMethodCallException(sprintf(
    114▕                 'Method %s::%s does not exist.', static::class, $method
    115▕             ));
    116▕         }
    117▕

  1   app/Console/Commands/AssistCommand.php:46
      Illuminate\Support\Collection::__call()

      [2m+13 vendor frames [22m
  15  artisan:37
      Illuminate\Foundation\Console\Kernel::handle()

13:00:00 1  [1,2,3,8,11,12,19,21,22,23,26,28,32,37,40,42,43,45,50,52,53,59,60,61,62,64,68,69,70,71,77,83,86,87,90,98]
13:00:00 1  [1,2,3,8,11,12,19,21,22,23,26,28,32,37,40,42,43,45,50,52,53,59,60,61,62,64,68,69,70,71,77,83,86,87,90,98]
13:00:00 1  [1,2,3,8,11,12,19,21,22,23,26,28,32,37,40,42,43,45,50,52,53,59,60,61,62,64,68,69,70,71,77,83,86,87,90,98]
   ErrorException 

  Undefined variable $iduser

  at app/Console/Commands/AssistCommand.php:53
     49▕         //foreach ($appliers as $applier) {
     50▕         //    $iduser= $applier->id;
     51▕          //   echo $applier->nombre,' || ';    //muestra usuarios del turno 
     52▕         // }
  ➜  53▕          $assists = DB::table('assists')->where('user_id', $iduser )->get();; 
     54▕            echo $assists;
     55▕        }else{
     56▕         echo "no hay turno";
     57▕       }

  1   app/Console/Commands/AssistCommand.php:53
      Illuminate\Foundation\Bootstrap\HandleExceptions::Illuminate\Foundation\Bootstrap\{closure}()

      [2m+13 vendor frames [22m
  15  artisan:37
      Illuminate\Foundation\Console\Kernel::handle()

13:00:00 1  [1,2,3,8,11,12,19,21,22,23,26,28,32,37,40,42,43,45,50,52,53,59,60,61,62,64,68,69,70,71,77,83,86,87,90,98]
   Illuminate\Database\QueryException 

  SQLSTATE[HY093]: Invalid parameter number (SQL: select * from `assists` where `user_id` = 1)

  at vendor/laravel/framework/src/Illuminate/Database/Connection.php:759
    755▕         // If an exception occurs when attempting to run a query, we'll format the error
    756▕         // message to include the bindings with SQL, which will make this exception a
    757▕         // lot more helpful to the developer instead of just the database's errors.
    758▕         catch (Exception $e) {
  ➜ 759▕             throw new QueryException(
    760▕                 $query, $this->prepareBindings($bindings), $e
    761▕             );
    762▕         }
    763▕     }

      [2m+10 vendor frames [22m
  11  app/Console/Commands/AssistCommand.php:53
      Illuminate\Database\Query\Builder::get()

      [2m+13 vendor frames [22m
  25  artisan:37
      Illuminate\Foundation\Console\Kernel::handle()

13:00:00 1  [1,2,3,8,11,12,19,21,22,23,26,28,32,37,40,42,43,45,50,52,53,59,60,61,62,64,68,69,70,71,77,83,86,87,90,98]
   Illuminate\Database\QueryException 

  SQLSTATE[HY093]: Invalid parameter number (SQL: select * from `assists` where `user_id` = 1)

  at vendor/laravel/framework/src/Illuminate/Database/Connection.php:759
    755▕         // If an exception occurs when attempting to run a query, we'll format the error
    756▕         // message to include the bindings with SQL, which will make this exception a
    757▕         // lot more helpful to the developer instead of just the database's errors.
    758▕         catch (Exception $e) {
  ➜ 759▕             throw new QueryException(
    760▕                 $query, $this->prepareBindings($bindings), $e
    761▕             );
    762▕         }
    763▕     }

      [2m+10 vendor frames [22m
  11  app/Console/Commands/AssistCommand.php:53
      Illuminate\Database\Query\Builder::get()

      [2m+13 vendor frames [22m
  25  artisan:37
      Illuminate\Foundation\Console\Kernel::handle()

13:00:00 1  [1,2,3,8,11,12,19,21,22,23,26,28,32,37,40,42,43,45,50,52,53,59,60,61,62,64,68,69,70,71,77,83,86,87,90,98]
   Illuminate\Database\QueryException 

  SQLSTATE[HY093]: Invalid parameter number (SQL: select * from `assists` where `user_id` = 1)

  at vendor/laravel/framework/src/Illuminate/Database/Connection.php:759
    755▕         // If an exception occurs when attempting to run a query, we'll format the error
    756▕         // message to include the bindings with SQL, which will make this exception a
    757▕         // lot more helpful to the developer instead of just the database's errors.
    758▕         catch (Exception $e) {
  ➜ 759▕             throw new QueryException(
    760▕                 $query, $this->prepareBindings($bindings), $e
    761▕             );
    762▕         }
    763▕     }

      [2m+10 vendor frames [22m
  11  app/Console/Commands/AssistCommand.php:53
      Illuminate\Database\Query\Builder::get()

      [2m+13 vendor frames [22m
  25  artisan:37
      Illuminate\Foundation\Console\Kernel::handle()

13:00:00 1  [1,2,3,8,11,12,19,21,22,23,26,28,32,37,40,42,43,45,50,52,53,59,60,61,62,64,68,69,70,71,77,83,86,87,90,98]
   Illuminate\Database\QueryException 

  SQLSTATE[HY093]: Invalid parameter number (SQL: select * from `assists` where `user_id` = 1)

  at vendor/laravel/framework/src/Illuminate/Database/Connection.php:759
    755▕         // If an exception occurs when attempting to run a query, we'll format the error
    756▕         // message to include the bindings with SQL, which will make this exception a
    757▕         // lot more helpful to the developer instead of just the database's errors.
    758▕         catch (Exception $e) {
  ➜ 759▕             throw new QueryException(
    760▕                 $query, $this->prepareBindings($bindings), $e
    761▕             );
    762▕         }
    763▕     }

      [2m+10 vendor frames [22m
  11  app/Console/Commands/AssistCommand.php:53
      Illuminate\Database\Query\Builder::get()

      [2m+13 vendor frames [22m
  25  artisan:37
      Illuminate\Foundation\Console\Kernel::handle()

13:00:00 1  [1,2,3,8,11,12,19,21,22,23,26,28,32,37,40,42,43,45,50,52,53,59,60,61,62,64,68,69,70,71,77,83,86,87,90,98]
   Illuminate\Database\QueryException 

  SQLSTATE[HY093]: Invalid parameter number (SQL: select * from `assists` where `user_id` = 1)

  at vendor/laravel/framework/src/Illuminate/Database/Connection.php:759
    755▕         // If an exception occurs when attempting to run a query, we'll format the error
    756▕         // message to include the bindings with SQL, which will make this exception a
    757▕         // lot more helpful to the developer instead of just the database's errors.
    758▕         catch (Exception $e) {
  ➜ 759▕             throw new QueryException(
    760▕                 $query, $this->prepareBindings($bindings), $e
    761▕             );
    762▕         }
    763▕     }

      [2m+10 vendor frames [22m
  11  app/Console/Commands/AssistCommand.php:53
      Illuminate\Database\Query\Builder::get()

      [2m+13 vendor frames [22m
  25  artisan:37
      Illuminate\Foundation\Console\Kernel::handle()

13:00:00 1  [1,2,3,8,11,12,19,21,22,23,26,28,32,37,40,42,43,45,50,52,53,59,60,61,62,64,68,69,70,71,77,83,86,87,90,98]
   Illuminate\Database\QueryException 

  SQLSTATE[HY093]: Invalid parameter number (SQL: select * from `assists` where `user_id` = 1)

  at vendor/laravel/framework/src/Illuminate/Database/Connection.php:759
    755▕         // If an exception occurs when attempting to run a query, we'll format the error
    756▕         // message to include the bindings with SQL, which will make this exception a
    757▕         // lot more helpful to the developer instead of just the database's errors.
    758▕         catch (Exception $e) {
  ➜ 759▕             throw new QueryException(
    760▕                 $query, $this->prepareBindings($bindings), $e
    761▕             );
    762▕         }
    763▕     }

      [2m+10 vendor frames [22m
  11  app/Console/Commands/AssistCommand.php:53
      Illuminate\Database\Query\Builder::get()

      [2m+13 vendor frames [22m
  25  artisan:37
      Illuminate\Foundation\Console\Kernel::handle()

13:00:00 1  [1,2,3,8,11,12,19,21,22,23,26,28,32,37,40,42,43,45,50,52,53,59,60,61,62,64,68,69,70,71,77,83,86,87,90,98]
   Illuminate\Database\QueryException 

  SQLSTATE[HY093]: Invalid parameter number (SQL: select * from `assists` where `user_id` = 1)

  at vendor/laravel/framework/src/Illuminate/Database/Connection.php:759
    755▕         // If an exception occurs when attempting to run a query, we'll format the error
    756▕         // message to include the bindings with SQL, which will make this exception a
    757▕         // lot more helpful to the developer instead of just the database's errors.
    758▕         catch (Exception $e) {
  ➜ 759▕             throw new QueryException(
    760▕                 $query, $this->prepareBindings($bindings), $e
    761▕             );
    762▕         }
    763▕     }

      [2m+10 vendor frames [22m
  11  app/Console/Commands/AssistCommand.php:53
      Illuminate\Database\Query\Builder::get()

      [2m+13 vendor frames [22m
  25  artisan:37
      Illuminate\Foundation\Console\Kernel::handle()

13:00:00 1  [1,2,3,8,11,12,19,21,22,23,26,28,32,37,40,42,43,45,50,52,53,59,60,61,62,64,68,69,70,71,77,83,86,87,90,98]
   Illuminate\Database\QueryException 

  SQLSTATE[HY093]: Invalid parameter number (SQL: select * from `assists` where `user_id` = 1)

  at vendor/laravel/framework/src/Illuminate/Database/Connection.php:759
    755▕         // If an exception occurs when attempting to run a query, we'll format the error
    756▕         // message to include the bindings with SQL, which will make this exception a
    757▕         // lot more helpful to the developer instead of just the database's errors.
    758▕         catch (Exception $e) {
  ➜ 759▕             throw new QueryException(
    760▕                 $query, $this->prepareBindings($bindings), $e
    761▕             );
    762▕         }
    763▕     }

      [2m+10 vendor frames [22m
  11  app/Console/Commands/AssistCommand.php:53
      Illuminate\Database\Query\Builder::get()

      [2m+13 vendor frames [22m
  25  artisan:37
      Illuminate\Foundation\Console\Kernel::handle()

13:00:00 1  [1,2,3,8,11,12,19,21,22,23,26,28,32,37,40,42,43,45,50,52,53,59,60,61,62,64,68,69,70,71,77,83,86,87,90,98]
   Illuminate\Database\QueryException 

  SQLSTATE[HY093]: Invalid parameter number (SQL: select * from `assists` where `user_id` = 1)

  at vendor/laravel/framework/src/Illuminate/Database/Connection.php:759
    755▕         // If an exception occurs when attempting to run a query, we'll format the error
    756▕         // message to include the bindings with SQL, which will make this exception a
    757▕         // lot more helpful to the developer instead of just the database's errors.
    758▕         catch (Exception $e) {
  ➜ 759▕             throw new QueryException(
    760▕                 $query, $this->prepareBindings($bindings), $e
    761▕             );
    762▕         }
    763▕     }

      [2m+10 vendor frames [22m
  11  app/Console/Commands/AssistCommand.php:53
      Illuminate\Database\Query\Builder::get()

      [2m+13 vendor frames [22m
  25  artisan:37
      Illuminate\Foundation\Console\Kernel::handle()

13:00:00 1  [1,2,3,8,11,12,19,21,22,23,26,28,32,37,40,42,43,45,50,52,53,59,60,61,62,64,68,69,70,71,77,83,86,87,90,98]
   Illuminate\Database\QueryException 

  SQLSTATE[HY093]: Invalid parameter number (SQL: select * from `assists` where `user_id` = 1)

  at vendor/laravel/framework/src/Illuminate/Database/Connection.php:759
    755▕         // If an exception occurs when attempting to run a query, we'll format the error
    756▕         // message to include the bindings with SQL, which will make this exception a
    757▕         // lot more helpful to the developer instead of just the database's errors.
    758▕         catch (Exception $e) {
  ➜ 759▕             throw new QueryException(
    760▕                 $query, $this->prepareBindings($bindings), $e
    761▕             );
    762▕         }
    763▕     }

      [2m+10 vendor frames [22m
  11  app/Console/Commands/AssistCommand.php:53
      Illuminate\Database\Query\Builder::get()

      [2m+13 vendor frames [22m
  25  artisan:37
      Illuminate\Foundation\Console\Kernel::handle()
